<?xml version="1.0" encoding="UTF-8"?>
<!-- Generated by org.testng.reporters.JUnitReportReporter -->
<testsuite hostname="ManishPC" failures="0" tests="1" name="com.testpackage.Appium" time="0.015" errors="0" timestamp="2021-07-13T17:22:29 IST" skipped="0">
  <testcase classname="com.testpackage.Appium" name="webApps" time="0.015"/>
  <system-out/>
</testsuite> <!-- com.testpackage.Appium -->
