<?xml version="1.0" encoding="UTF-8"?>
<!-- Generated by org.testng.reporters.JUnitReportReporter -->
<testsuite hostname="ManishPC" failures="0" tests="1" name="com.testpackage.Selenium" time="0.022" errors="0" timestamp="2021-07-14T12:19:11 IST" skipped="0">
  <testcase classname="com.testpackage.Selenium" name="webApps" time="0.022"/>
  <system-out/>
</testsuite> <!-- com.testpackage.Selenium -->
