<?xml version="1.0" encoding="UTF-8"?>
<!-- Generated by org.testng.reporters.JUnitReportReporter -->
<testsuite hostname="ManishPC" failures="0" tests="1" name="com.testpackage.SeleniumTest" time="0.002" errors="0" timestamp="2021-07-14T12:47:40 IST" skipped="0">
  <testcase classname="com.testpackage.SeleniumTest" name="webApps" time="0.002"/>
  <system-out/>
</testsuite> <!-- com.testpackage.SeleniumTest -->
